The system is: Darwin - 11.4.0 - i386
Compiling the C compiler identification source file "CMakeCCompilerId.c" succeeded.
Compiler: /usr/bin/gcc 
Build flags: 
Id flags: 

The output was:
0


Compilation of the C compiler identification source "CMakeCCompilerId.c" produced "a.out"

The C compiler identification is GNU, found in "/Users/sradomski/Documents/TK/Code/uscxml/build/xcode/CMakeFiles/CompilerIdC/a.out"

Compiling the CXX compiler identification source file "CMakeCXXCompilerId.cpp" succeeded.
Compiler: /usr/bin/g++ 
Build flags: 
Id flags: 

The output was:
0


Compilation of the CXX compiler identification source "CMakeCXXCompilerId.cpp" produced "a.out"

The CXX compiler identification is GNU, found in "/Users/sradomski/Documents/TK/Code/uscxml/build/xcode/CMakeFiles/CompilerIdCXX/a.out"

Determining if the C compiler works passed with the following output:
Change Dir: /Users/sradomski/Documents/TK/Code/uscxml/build/xcode/CMakeFiles/CMakeTmp

Run Build Command:/opt/local/bin/cmakexbuild -project CMAKE_TRY_COMPILE.xcodeproj build -target cmTryCompileExec1885520541 -configuration Debug
=== BUILD NATIVE TARGET cmTryCompileExec1885520541 OF PROJECT CMAKE_TRY_COMPILE WITH CONFIGURATION Debug ===
Check dependencies

CompileC CMAKE_TRY_COMPILE.build/Debug/cmTryCompileExec1885520541.build/Objects-normal/x86_64/testCCompiler.o testCCompiler.c normal x86_64 c com.apple.compilers.llvm.clang.1_0.compiler
    cd /Users/sradomski/Documents/TK/Code/uscxml/build/xcode/CMakeFiles/CMakeTmp
    /Applications/Xcode.app/Contents/Developer/Toolchains/XcodeDefault.xctoolchain/usr/bin/clang -x c -arch x86_64 -fmessage-length=0 -Wno-trigraphs -fpascal-strings -O0 -Wno-missing-field-initializers -Wno-missing-prototypes -Wno-return-type -Wformat -Wno-missing-braces -Wparentheses -Wswitch -Wno-unused-function -Wno-unused-label -Wno-unused-parameter -Wno-unused-variable -Wunused-value -Wno-uninitialized -Wno-unknown-pragmas -Wno-shadow -Wno-four-char-constants -Wno-conversion -Wno-sign-compare -Wno-shorten-64-to-32 -Wpointer-sign -Wno-newline-eof "-DCMAKE_INTDIR=\"Debug\"" -isysroot /Applications/Xcode.app/Contents/Developer/Platforms/MacOSX.platform/Developer/SDKs/MacOSX10.7.sdk -fasm-blocks -Wdeprecated-declarations -mmacosx-version-min=10.7 -g -Wno-sign-conversion -I/Users/sradomski/Documents/TK/Code/uscxml/build/xcode/CMakeFiles/CMakeTmp/Debug/include -I/Applications/Xcode.app/Contents/Developer/Toolchains/XcodeDefault.xctoolchain/usr/include -I/Users/sradomski/Documents/TK/Code/uscxml/build/xcode/CMakeFiles/CMakeTmp/CMAKE_TRY_COMPILE.build/Debug/cmTryCompileExec1885520541.build/DerivedSources/x86_64 -I/Users/sradomski/Documents/TK/Code/uscxml/build/xcode/CMakeFiles/CMakeTmp/CMAKE_TRY_COMPILE.build/Debug/cmTryCompileExec1885520541.build/DerivedSources -Wmost -Wno-four-char-constants -Wno-unknown-pragmas -F/Users/sradomski/Documents/TK/Code/uscxml/build/xcode/CMakeFiles/CMakeTmp/Debug -MMD -MT dependencies -MF /Users/sradomski/Documents/TK/Code/uscxml/build/xcode/CMakeFiles/CMakeTmp/CMAKE_TRY_COMPILE.build/Debug/cmTryCompileExec1885520541.build/Objects-normal/x86_64/testCCompiler.d --serialize-diagnostics /Users/sradomski/Documents/TK/Code/uscxml/build/xcode/CMakeFiles/CMakeTmp/CMAKE_TRY_COMPILE.build/Debug/cmTryCompileExec1885520541.build/Objects-normal/x86_64/testCCompiler.dia -c /Users/sradomski/Documents/TK/Code/uscxml/build/xcode/CMakeFiles/CMakeTmp/testCCompiler.c -o /Users/sradomski/Documents/TK/Code/uscxml/build/xcode/CMakeFiles/CMakeTmp/CMAKE_TRY_COMPILE.build/Debug/cmTryCompileExec1885520541.build/Objects-normal/x86_64/testCCompiler.o

Ld Debug/cmTryCompileExec1885520541 normal x86_64
    cd /Users/sradomski/Documents/TK/Code/uscxml/build/xcode/CMakeFiles/CMakeTmp
    /Applications/Xcode.app/Contents/Developer/Toolchains/XcodeDefault.xctoolchain/usr/bin/clang -arch x86_64 -isysroot /Applications/Xcode.app/Contents/Developer/Platforms/MacOSX.platform/Developer/SDKs/MacOSX10.7.sdk -L/Users/sradomski/Documents/TK/Code/uscxml/build/xcode/CMakeFiles/CMakeTmp/Debug -F/Users/sradomski/Documents/TK/Code/uscxml/build/xcode/CMakeFiles/CMakeTmp/Debug -filelist /Users/sradomski/Documents/TK/Code/uscxml/build/xcode/CMakeFiles/CMakeTmp/CMAKE_TRY_COMPILE.build/Debug/cmTryCompileExec1885520541.build/Objects-normal/x86_64/cmTryCompileExec1885520541.LinkFileList -mmacosx-version-min=10.7 -Wl,-search_paths_first -Wl,-headerpad_max_install_names -o /Users/sradomski/Documents/TK/Code/uscxml/build/xcode/CMakeFiles/CMakeTmp/Debug/cmTryCompileExec1885520541

PhaseScriptExecution "CMake PostBuild Rules" CMAKE_TRY_COMPILE.build/Debug/cmTryCompileExec1885520541.build/Script-DD7FB9A587264F1ABE39FD77.sh
    cd /Users/sradomski/Documents/TK/Code/uscxml/build/xcode/CMakeFiles/CMakeTmp
    /bin/sh -c /Users/sradomski/Documents/TK/Code/uscxml/build/xcode/CMakeFiles/CMakeTmp/CMAKE_TRY_COMPILE.build/Debug/cmTryCompileExec1885520541.build/Script-DD7FB9A587264F1ABE39FD77.sh
echo "Depend check for xcode"
Depend check for xcode
cd /Users/sradomski/Documents/TK/Code/uscxml/build/xcode/CMakeFiles/CMakeTmp && make -C /Users/sradomski/Documents/TK/Code/uscxml/build/xcode/CMakeFiles/CMakeTmp -f /Users/sradomski/Documents/TK/Code/uscxml/build/xcode/CMakeFiles/CMakeTmp/CMakeScripts/XCODE_DEPEND_HELPER.make PostBuild.cmTryCompileExec1885520541.Debug
make[1]: Nothing to be done for `PostBuild.cmTryCompileExec1885520541.Debug'.


** BUILD SUCCEEDED **



Detecting C compiler ABI info compiled with the following output:
Change Dir: /Users/sradomski/Documents/TK/Code/uscxml/build/xcode/CMakeFiles/CMakeTmp

Run Build Command:/opt/local/bin/cmakexbuild -project CMAKE_TRY_COMPILE.xcodeproj build -target cmTryCompileExec2986629543 -configuration Debug
=== BUILD NATIVE TARGET cmTryCompileExec2986629543 OF PROJECT CMAKE_TRY_COMPILE WITH CONFIGURATION Debug ===
Check dependencies

CompileC CMAKE_TRY_COMPILE.build/Debug/cmTryCompileExec2986629543.build/Objects-normal/x86_64/CMakeCCompilerABI.o ../../../../../../../../../../opt/local/share/cmake-2.8/Modules/CMakeCCompilerABI.c normal x86_64 c com.apple.compilers.llvm.clang.1_0.compiler
    cd /Users/sradomski/Documents/TK/Code/uscxml/build/xcode/CMakeFiles/CMakeTmp
    /Applications/Xcode.app/Contents/Developer/Toolchains/XcodeDefault.xctoolchain/usr/bin/clang -x c -arch x86_64 -fmessage-length=0 -Wno-trigraphs -fpascal-strings -O0 -Wno-missing-field-initializers -Wno-missing-prototypes -Wno-return-type -Wformat -Wno-missing-braces -Wparentheses -Wswitch -Wno-unused-function -Wno-unused-label -Wno-unused-parameter -Wno-unused-variable -Wunused-value -Wno-uninitialized -Wno-unknown-pragmas -Wno-shadow -Wno-four-char-constants -Wno-conversion -Wno-sign-compare -Wno-shorten-64-to-32 -Wpointer-sign -Wno-newline-eof "-DCMAKE_INTDIR=\"Debug\"" -isysroot /Applications/Xcode.app/Contents/Developer/Platforms/MacOSX.platform/Developer/SDKs/MacOSX10.7.sdk -fasm-blocks -Wdeprecated-declarations -mmacosx-version-min=10.7 -g -Wno-sign-conversion -I/Users/sradomski/Documents/TK/Code/uscxml/build/xcode/CMakeFiles/CMakeTmp/Debug/include -I/Applications/Xcode.app/Contents/Developer/Toolchains/XcodeDefault.xctoolchain/usr/include -I/Users/sradomski/Documents/TK/Code/uscxml/build/xcode/CMakeFiles/CMakeTmp/CMAKE_TRY_COMPILE.build/Debug/cmTryCompileExec2986629543.build/DerivedSources/x86_64 -I/Users/sradomski/Documents/TK/Code/uscxml/build/xcode/CMakeFiles/CMakeTmp/CMAKE_TRY_COMPILE.build/Debug/cmTryCompileExec2986629543.build/DerivedSources -Wmost -Wno-four-char-constants -Wno-unknown-pragmas -F/Users/sradomski/Documents/TK/Code/uscxml/build/xcode/CMakeFiles/CMakeTmp/Debug -MMD -MT dependencies -MF /Users/sradomski/Documents/TK/Code/uscxml/build/xcode/CMakeFiles/CMakeTmp/CMAKE_TRY_COMPILE.build/Debug/cmTryCompileExec2986629543.build/Objects-normal/x86_64/CMakeCCompilerABI.d --serialize-diagnostics /Users/sradomski/Documents/TK/Code/uscxml/build/xcode/CMakeFiles/CMakeTmp/CMAKE_TRY_COMPILE.build/Debug/cmTryCompileExec2986629543.build/Objects-normal/x86_64/CMakeCCompilerABI.dia -c /Users/sradomski/Documents/TK/Code/uscxml/build/xcode/CMakeFiles/CMakeTmp/../../../../../../../../../../opt/local/share/cmake-2.8/Modules/CMakeCCompilerABI.c -o /Users/sradomski/Documents/TK/Code/uscxml/build/xcode/CMakeFiles/CMakeTmp/CMAKE_TRY_COMPILE.build/Debug/cmTryCompileExec2986629543.build/Objects-normal/x86_64/CMakeCCompilerABI.o

Ld Debug/cmTryCompileExec2986629543 normal x86_64
    cd /Users/sradomski/Documents/TK/Code/uscxml/build/xcode/CMakeFiles/CMakeTmp
    /Applications/Xcode.app/Contents/Developer/Toolchains/XcodeDefault.xctoolchain/usr/bin/clang -arch x86_64 -isysroot /Applications/Xcode.app/Contents/Developer/Platforms/MacOSX.platform/Developer/SDKs/MacOSX10.7.sdk -L/Users/sradomski/Documents/TK/Code/uscxml/build/xcode/CMakeFiles/CMakeTmp/Debug -F/Users/sradomski/Documents/TK/Code/uscxml/build/xcode/CMakeFiles/CMakeTmp/Debug -filelist /Users/sradomski/Documents/TK/Code/uscxml/build/xcode/CMakeFiles/CMakeTmp/CMAKE_TRY_COMPILE.build/Debug/cmTryCompileExec2986629543.build/Objects-normal/x86_64/cmTryCompileExec2986629543.LinkFileList -mmacosx-version-min=10.7 -v -Wl,-search_paths_first -Wl,-headerpad_max_install_names -o /Users/sradomski/Documents/TK/Code/uscxml/build/xcode/CMakeFiles/CMakeTmp/Debug/cmTryCompileExec2986629543
Apple clang version 4.0 (tags/Apple/clang-421.0.60) (based on LLVM 3.1svn)
Target: x86_64-apple-darwin11.4.0
Thread model: posix
 "/Applications/Xcode.app/Contents/Developer/Toolchains/XcodeDefault.xctoolchain/usr/bin/ld" -demangle -dynamic -arch x86_64 -macosx_version_min 10.7.0 -syslibroot /Applications/Xcode.app/Contents/Developer/Platforms/MacOSX.platform/Developer/SDKs/MacOSX10.7.sdk -o /Users/sradomski/Documents/TK/Code/uscxml/build/xcode/CMakeFiles/CMakeTmp/Debug/cmTryCompileExec2986629543 -lcrt1.10.6.o -L/Users/sradomski/Documents/TK/Code/uscxml/build/xcode/CMakeFiles/CMakeTmp/Debug -filelist /Users/sradomski/Documents/TK/Code/uscxml/build/xcode/CMakeFiles/CMakeTmp/CMAKE_TRY_COMPILE.build/Debug/cmTryCompileExec2986629543.build/Objects-normal/x86_64/cmTryCompileExec2986629543.LinkFileList -search_paths_first -headerpad_max_install_names -lSystem /Applications/Xcode.app/Contents/Developer/Toolchains/XcodeDefault.xctoolchain/usr/bin/../lib/clang/4.0/lib/darwin/libclang_rt.osx.a -F/Users/sradomski/Documents/TK/Code/uscxml/build/xcode/CMakeFiles/CMakeTmp/Debug

PhaseScriptExecution "CMake PostBuild Rules" CMAKE_TRY_COMPILE.build/Debug/cmTryCompileExec2986629543.build/Script-9A767FBB4243464C84D55A64.sh
    cd /Users/sradomski/Documents/TK/Code/uscxml/build/xcode/CMakeFiles/CMakeTmp
    /bin/sh -c /Users/sradomski/Documents/TK/Code/uscxml/build/xcode/CMakeFiles/CMakeTmp/CMAKE_TRY_COMPILE.build/Debug/cmTryCompileExec2986629543.build/Script-9A767FBB4243464C84D55A64.sh
echo "Depend check for xcode"
Depend check for xcode
cd /Users/sradomski/Documents/TK/Code/uscxml/build/xcode/CMakeFiles/CMakeTmp && make -C /Users/sradomski/Documents/TK/Code/uscxml/build/xcode/CMakeFiles/CMakeTmp -f /Users/sradomski/Documents/TK/Code/uscxml/build/xcode/CMakeFiles/CMakeTmp/CMakeScripts/XCODE_DEPEND_HELPER.make PostBuild.cmTryCompileExec2986629543.Debug
make[1]: Nothing to be done for `PostBuild.cmTryCompileExec2986629543.Debug'.


** BUILD SUCCEEDED **



Determining if the CXX compiler works passed with the following output:
Change Dir: /Users/sradomski/Documents/TK/Code/uscxml/build/xcode/CMakeFiles/CMakeTmp

Run Build Command:/opt/local/bin/cmakexbuild -project CMAKE_TRY_COMPILE.xcodeproj build -target cmTryCompileExec3701052907 -configuration Debug
=== BUILD NATIVE TARGET cmTryCompileExec3701052907 OF PROJECT CMAKE_TRY_COMPILE WITH CONFIGURATION Debug ===
Check dependencies

CompileC CMAKE_TRY_COMPILE.build/Debug/cmTryCompileExec3701052907.build/Objects-normal/x86_64/testCXXCompiler.o testCXXCompiler.cxx normal x86_64 c++ com.apple.compilers.llvm.clang.1_0.compiler
    cd /Users/sradomski/Documents/TK/Code/uscxml/build/xcode/CMakeFiles/CMakeTmp
    /Applications/Xcode.app/Contents/Developer/Toolchains/XcodeDefault.xctoolchain/usr/bin/clang -x c++ -arch x86_64 -fmessage-length=0 -Wno-trigraphs -fpascal-strings -O0 -Wno-missing-field-initializers -Wno-missing-prototypes -Wno-return-type -Wno-non-virtual-dtor -Wno-overloaded-virtual -Wno-exit-time-destructors -Wformat -Wno-missing-braces -Wparentheses -Wswitch -Wno-unused-function -Wno-unused-label -Wno-unused-parameter -Wno-unused-variable -Wunused-value -Wno-uninitialized -Wno-unknown-pragmas -Wno-shadow -Wno-four-char-constants -Wno-conversion -Wno-sign-compare -Wno-shorten-64-to-32 -Wno-newline-eof -Wc++11-extensions "-DCMAKE_INTDIR=\"Debug\"" -isysroot /Applications/Xcode.app/Contents/Developer/Platforms/MacOSX.platform/Developer/SDKs/MacOSX10.7.sdk -fasm-blocks -Wdeprecated-declarations -Winvalid-offsetof -mmacosx-version-min=10.7 -Wno-sign-conversion -I/Users/sradomski/Documents/TK/Code/uscxml/build/xcode/CMakeFiles/CMakeTmp/Debug/include -I/Applications/Xcode.app/Contents/Developer/Toolchains/XcodeDefault.xctoolchain/usr/include -I/Users/sradomski/Documents/TK/Code/uscxml/build/xcode/CMakeFiles/CMakeTmp/CMAKE_TRY_COMPILE.build/Debug/cmTryCompileExec3701052907.build/DerivedSources/x86_64 -I/Users/sradomski/Documents/TK/Code/uscxml/build/xcode/CMakeFiles/CMakeTmp/CMAKE_TRY_COMPILE.build/Debug/cmTryCompileExec3701052907.build/DerivedSources -Wmost -Wno-four-char-constants -Wno-unknown-pragmas -F/Users/sradomski/Documents/TK/Code/uscxml/build/xcode/CMakeFiles/CMakeTmp/Debug -g -MMD -MT dependencies -MF /Users/sradomski/Documents/TK/Code/uscxml/build/xcode/CMakeFiles/CMakeTmp/CMAKE_TRY_COMPILE.build/Debug/cmTryCompileExec3701052907.build/Objects-normal/x86_64/testCXXCompiler.d --serialize-diagnostics /Users/sradomski/Documents/TK/Code/uscxml/build/xcode/CMakeFiles/CMakeTmp/CMAKE_TRY_COMPILE.build/Debug/cmTryCompileExec3701052907.build/Objects-normal/x86_64/testCXXCompiler.dia -c /Users/sradomski/Documents/TK/Code/uscxml/build/xcode/CMakeFiles/CMakeTmp/testCXXCompiler.cxx -o /Users/sradomski/Documents/TK/Code/uscxml/build/xcode/CMakeFiles/CMakeTmp/CMAKE_TRY_COMPILE.build/Debug/cmTryCompileExec3701052907.build/Objects-normal/x86_64/testCXXCompiler.o

Ld Debug/cmTryCompileExec3701052907 normal x86_64
    cd /Users/sradomski/Documents/TK/Code/uscxml/build/xcode/CMakeFiles/CMakeTmp
    /Applications/Xcode.app/Contents/Developer/Toolchains/XcodeDefault.xctoolchain/usr/bin/clang++ -arch x86_64 -isysroot /Applications/Xcode.app/Contents/Developer/Platforms/MacOSX.platform/Developer/SDKs/MacOSX10.7.sdk -L/Users/sradomski/Documents/TK/Code/uscxml/build/xcode/CMakeFiles/CMakeTmp/Debug -F/Users/sradomski/Documents/TK/Code/uscxml/build/xcode/CMakeFiles/CMakeTmp/Debug -filelist /Users/sradomski/Documents/TK/Code/uscxml/build/xcode/CMakeFiles/CMakeTmp/CMAKE_TRY_COMPILE.build/Debug/cmTryCompileExec3701052907.build/Objects-normal/x86_64/cmTryCompileExec3701052907.LinkFileList -mmacosx-version-min=10.7 -Wl,-search_paths_first -Wl,-headerpad_max_install_names -o /Users/sradomski/Documents/TK/Code/uscxml/build/xcode/CMakeFiles/CMakeTmp/Debug/cmTryCompileExec3701052907

PhaseScriptExecution "CMake PostBuild Rules" CMAKE_TRY_COMPILE.build/Debug/cmTryCompileExec3701052907.build/Script-D0D2FB80679647899D446145.sh
    cd /Users/sradomski/Documents/TK/Code/uscxml/build/xcode/CMakeFiles/CMakeTmp
    /bin/sh -c /Users/sradomski/Documents/TK/Code/uscxml/build/xcode/CMakeFiles/CMakeTmp/CMAKE_TRY_COMPILE.build/Debug/cmTryCompileExec3701052907.build/Script-D0D2FB80679647899D446145.sh
echo "Depend check for xcode"
Depend check for xcode
cd /Users/sradomski/Documents/TK/Code/uscxml/build/xcode/CMakeFiles/CMakeTmp && make -C /Users/sradomski/Documents/TK/Code/uscxml/build/xcode/CMakeFiles/CMakeTmp -f /Users/sradomski/Documents/TK/Code/uscxml/build/xcode/CMakeFiles/CMakeTmp/CMakeScripts/XCODE_DEPEND_HELPER.make PostBuild.cmTryCompileExec3701052907.Debug
make[1]: Nothing to be done for `PostBuild.cmTryCompileExec3701052907.Debug'.


** BUILD SUCCEEDED **



Detecting CXX compiler ABI info compiled with the following output:
Change Dir: /Users/sradomski/Documents/TK/Code/uscxml/build/xcode/CMakeFiles/CMakeTmp

Run Build Command:/opt/local/bin/cmakexbuild -project CMAKE_TRY_COMPILE.xcodeproj build -target cmTryCompileExec3246359667 -configuration Debug
=== BUILD NATIVE TARGET cmTryCompileExec3246359667 OF PROJECT CMAKE_TRY_COMPILE WITH CONFIGURATION Debug ===
Check dependencies

CompileC CMAKE_TRY_COMPILE.build/Debug/cmTryCompileExec3246359667.build/Objects-normal/x86_64/CMakeCXXCompilerABI.o ../../../../../../../../../../opt/local/share/cmake-2.8/Modules/CMakeCXXCompilerABI.cpp normal x86_64 c++ com.apple.compilers.llvm.clang.1_0.compiler
    cd /Users/sradomski/Documents/TK/Code/uscxml/build/xcode/CMakeFiles/CMakeTmp
    /Applications/Xcode.app/Contents/Developer/Toolchains/XcodeDefault.xctoolchain/usr/bin/clang -x c++ -arch x86_64 -fmessage-length=0 -Wno-trigraphs -fpascal-strings -O0 -Wno-missing-field-initializers -Wno-missing-prototypes -Wno-return-type -Wno-non-virtual-dtor -Wno-overloaded-virtual -Wno-exit-time-destructors -Wformat -Wno-missing-braces -Wparentheses -Wswitch -Wno-unused-function -Wno-unused-label -Wno-unused-parameter -Wno-unused-variable -Wunused-value -Wno-uninitialized -Wno-unknown-pragmas -Wno-shadow -Wno-four-char-constants -Wno-conversion -Wno-sign-compare -Wno-shorten-64-to-32 -Wno-newline-eof -Wc++11-extensions "-DCMAKE_INTDIR=\"Debug\"" -isysroot /Applications/Xcode.app/Contents/Developer/Platforms/MacOSX.platform/Developer/SDKs/MacOSX10.7.sdk -fasm-blocks -Wdeprecated-declarations -Winvalid-offsetof -mmacosx-version-min=10.7 -Wno-sign-conversion -I/Users/sradomski/Documents/TK/Code/uscxml/build/xcode/CMakeFiles/CMakeTmp/Debug/include -I/Applications/Xcode.app/Contents/Developer/Toolchains/XcodeDefault.xctoolchain/usr/include -I/Users/sradomski/Documents/TK/Code/uscxml/build/xcode/CMakeFiles/CMakeTmp/CMAKE_TRY_COMPILE.build/Debug/cmTryCompileExec3246359667.build/DerivedSources/x86_64 -I/Users/sradomski/Documents/TK/Code/uscxml/build/xcode/CMakeFiles/CMakeTmp/CMAKE_TRY_COMPILE.build/Debug/cmTryCompileExec3246359667.build/DerivedSources -Wmost -Wno-four-char-constants -Wno-unknown-pragmas -F/Users/sradomski/Documents/TK/Code/uscxml/build/xcode/CMakeFiles/CMakeTmp/Debug -g -MMD -MT dependencies -MF /Users/sradomski/Documents/TK/Code/uscxml/build/xcode/CMakeFiles/CMakeTmp/CMAKE_TRY_COMPILE.build/Debug/cmTryCompileExec3246359667.build/Objects-normal/x86_64/CMakeCXXCompilerABI.d --serialize-diagnostics /Users/sradomski/Documents/TK/Code/uscxml/build/xcode/CMakeFiles/CMakeTmp/CMAKE_TRY_COMPILE.build/Debug/cmTryCompileExec3246359667.build/Objects-normal/x86_64/CMakeCXXCompilerABI.dia -c /Users/sradomski/Documents/TK/Code/uscxml/build/xcode/CMakeFiles/CMakeTmp/../../../../../../../../../../opt/local/share/cmake-2.8/Modules/CMakeCXXCompilerABI.cpp -o /Users/sradomski/Documents/TK/Code/uscxml/build/xcode/CMakeFiles/CMakeTmp/CMAKE_TRY_COMPILE.build/Debug/cmTryCompileExec3246359667.build/Objects-normal/x86_64/CMakeCXXCompilerABI.o

Ld Debug/cmTryCompileExec3246359667 normal x86_64
    cd /Users/sradomski/Documents/TK/Code/uscxml/build/xcode/CMakeFiles/CMakeTmp
    /Applications/Xcode.app/Contents/Developer/Toolchains/XcodeDefault.xctoolchain/usr/bin/clang++ -arch x86_64 -isysroot /Applications/Xcode.app/Contents/Developer/Platforms/MacOSX.platform/Developer/SDKs/MacOSX10.7.sdk -L/Users/sradomski/Documents/TK/Code/uscxml/build/xcode/CMakeFiles/CMakeTmp/Debug -F/Users/sradomski/Documents/TK/Code/uscxml/build/xcode/CMakeFiles/CMakeTmp/Debug -filelist /Users/sradomski/Documents/TK/Code/uscxml/build/xcode/CMakeFiles/CMakeTmp/CMAKE_TRY_COMPILE.build/Debug/cmTryCompileExec3246359667.build/Objects-normal/x86_64/cmTryCompileExec3246359667.LinkFileList -mmacosx-version-min=10.7 -v -Wl,-search_paths_first -Wl,-headerpad_max_install_names -o /Users/sradomski/Documents/TK/Code/uscxml/build/xcode/CMakeFiles/CMakeTmp/Debug/cmTryCompileExec3246359667
Apple clang version 4.0 (tags/Apple/clang-421.0.60) (based on LLVM 3.1svn)
Target: x86_64-apple-darwin11.4.0
Thread model: posix
 "/Applications/Xcode.app/Contents/Developer/Toolchains/XcodeDefault.xctoolchain/usr/bin/ld" -demangle -dynamic -arch x86_64 -macosx_version_min 10.7.0 -syslibroot /Applications/Xcode.app/Contents/Developer/Platforms/MacOSX.platform/Developer/SDKs/MacOSX10.7.sdk -o /Users/sradomski/Documents/TK/Code/uscxml/build/xcode/CMakeFiles/CMakeTmp/Debug/cmTryCompileExec3246359667 -lcrt1.10.6.o -L/Users/sradomski/Documents/TK/Code/uscxml/build/xcode/CMakeFiles/CMakeTmp/Debug -filelist /Users/sradomski/Documents/TK/Code/uscxml/build/xcode/CMakeFiles/CMakeTmp/CMAKE_TRY_COMPILE.build/Debug/cmTryCompileExec3246359667.build/Objects-normal/x86_64/cmTryCompileExec3246359667.LinkFileList -search_paths_first -headerpad_max_install_names -lstdc++ -lSystem /Applications/Xcode.app/Contents/Developer/Toolchains/XcodeDefault.xctoolchain/usr/bin/../lib/clang/4.0/lib/darwin/libclang_rt.osx.a -F/Users/sradomski/Documents/TK/Code/uscxml/build/xcode/CMakeFiles/CMakeTmp/Debug

PhaseScriptExecution "CMake PostBuild Rules" CMAKE_TRY_COMPILE.build/Debug/cmTryCompileExec3246359667.build/Script-20D478C9008A4B1B87F25F61.sh
    cd /Users/sradomski/Documents/TK/Code/uscxml/build/xcode/CMakeFiles/CMakeTmp
    /bin/sh -c /Users/sradomski/Documents/TK/Code/uscxml/build/xcode/CMakeFiles/CMakeTmp/CMAKE_TRY_COMPILE.build/Debug/cmTryCompileExec3246359667.build/Script-20D478C9008A4B1B87F25F61.sh
echo "Depend check for xcode"
Depend check for xcode
cd /Users/sradomski/Documents/TK/Code/uscxml/build/xcode/CMakeFiles/CMakeTmp && make -C /Users/sradomski/Documents/TK/Code/uscxml/build/xcode/CMakeFiles/CMakeTmp -f /Users/sradomski/Documents/TK/Code/uscxml/build/xcode/CMakeFiles/CMakeTmp/CMakeScripts/XCODE_DEPEND_HELPER.make PostBuild.cmTryCompileExec3246359667.Debug
make[1]: Nothing to be done for `PostBuild.cmTryCompileExec3246359667.Debug'.


** BUILD SUCCEEDED **



